{"/Users/placidestana/Desktop/final project /ClassDiagramstorefront/storefront.js": {"path":"/Users/placidestana/Desktop/final project /ClassDiagramstorefront/storefront.js","statementMap":{"0":{"start":{"line":4,"column":4},"end":{"line":4,"column":25}},"1":{"start":{"line":5,"column":4},"end":{"line":5,"column":27}},"2":{"start":{"line":6,"column":4},"end":{"line":6,"column":32}},"3":{"start":{"line":10,"column":4},"end":{"line":12,"column":5}},"4":{"start":{"line":11,"column":6},"end":{"line":11,"column":63}},"5":{"start":{"line":14,"column":23},"end":{"line":14,"column":53}},"6":{"start":{"line":15,"column":4},"end":{"line":15,"column":53}},"7":{"start":{"line":16,"column":4},"end":{"line":16,"column":16}},"8":{"start":{"line":20,"column":4},"end":{"line":22,"column":5}},"9":{"start":{"line":21,"column":6},"end":{"line":21,"column":58}},"10":{"start":{"line":23,"column":4},"end":{"line":23,"column":33}},"11":{"start":{"line":27,"column":16},"end":{"line":27,"column":17}},"12":{"start":{"line":28,"column":4},"end":{"line":31,"column":5}},"13":{"start":{"line":29,"column":20},"end":{"line":29,"column":61}},"14":{"start":{"line":30,"column":6},"end":{"line":30,"column":32}},"15":{"start":{"line":32,"column":4},"end":{"line":32,"column":17}},"16":{"start":{"line":36,"column":4},"end":{"line":36,"column":27}},"17":{"start":{"line":42,"column":4},"end":{"line":42,"column":30}},"18":{"start":{"line":46,"column":4},"end":{"line":46,"column":68}},"19":{"start":{"line":50,"column":20},"end":{"line":50,"column":48}},"20":{"start":{"line":51,"column":4},"end":{"line":51,"column":40}},"21":{"start":{"line":55,"column":20},"end":{"line":55,"column":48}},"22":{"start":{"line":56,"column":4},"end":{"line":58,"column":5}},"23":{"start":{"line":57,"column":6},"end":{"line":57,"column":56}},"24":{"start":{"line":59,"column":4},"end":{"line":59,"column":25}},"25":{"start":{"line":63,"column":20},"end":{"line":63,"column":48}},"26":{"start":{"line":64,"column":4},"end":{"line":66,"column":5}},"27":{"start":{"line":65,"column":6},"end":{"line":65,"column":31}},"28":{"start":{"line":72,"column":4},"end":{"line":72,"column":33}},"29":{"start":{"line":73,"column":4},"end":{"line":73,"column":31}},"30":{"start":{"line":77,"column":4},"end":{"line":79,"column":5}},"31":{"start":{"line":78,"column":6},"end":{"line":78,"column":19}},"32":{"start":{"line":81,"column":4},"end":{"line":81,"column":54}},"33":{"start":{"line":82,"column":4},"end":{"line":82,"column":16}},"34":{"start":{"line":86,"column":4},"end":{"line":88,"column":5}},"35":{"start":{"line":87,"column":6},"end":{"line":87,"column":19}},"36":{"start":{"line":90,"column":4},"end":{"line":90,"column":40}},"37":{"start":{"line":91,"column":4},"end":{"line":91,"column":16}},"38":{"start":{"line":97,"column":4},"end":{"line":97,"column":51}},"39":{"start":{"line":101,"column":4},"end":{"line":103,"column":5}},"40":{"start":{"line":102,"column":6},"end":{"line":102,"column":61}},"41":{"start":{"line":105,"column":20},"end":{"line":105,"column":53}},"42":{"start":{"line":108,"column":4},"end":{"line":112,"column":6}},"43":{"start":{"line":114,"column":4},"end":{"line":116,"column":6}},"44":{"start":{"line":118,"column":4},"end":{"line":122,"column":6}},"45":{"start":{"line":126,"column":0},"end":{"line":126,"column":77}}},"fnMap":{"0":{"name":"(anonymous_0)","decl":{"start":{"line":3,"column":2},"end":{"line":3,"column":3}},"loc":{"start":{"line":3,"column":22},"end":{"line":7,"column":3}},"line":3},"1":{"name":"(anonymous_1)","decl":{"start":{"line":9,"column":2},"end":{"line":9,"column":3}},"loc":{"start":{"line":9,"column":50},"end":{"line":17,"column":3}},"line":9},"2":{"name":"(anonymous_2)","decl":{"start":{"line":19,"column":2},"end":{"line":19,"column":3}},"loc":{"start":{"line":19,"column":27},"end":{"line":24,"column":3}},"line":19},"3":{"name":"(anonymous_3)","decl":{"start":{"line":26,"column":2},"end":{"line":26,"column":3}},"loc":{"start":{"line":26,"column":33},"end":{"line":33,"column":3}},"line":26},"4":{"name":"(anonymous_4)","decl":{"start":{"line":35,"column":2},"end":{"line":35,"column":3}},"loc":{"start":{"line":35,"column":17},"end":{"line":37,"column":3}},"line":35},"5":{"name":"(anonymous_5)","decl":{"start":{"line":41,"column":2},"end":{"line":41,"column":3}},"loc":{"start":{"line":41,"column":16},"end":{"line":43,"column":3}},"line":41},"6":{"name":"(anonymous_6)","decl":{"start":{"line":45,"column":2},"end":{"line":45,"column":3}},"loc":{"start":{"line":45,"column":44},"end":{"line":47,"column":3}},"line":45},"7":{"name":"(anonymous_7)","decl":{"start":{"line":49,"column":2},"end":{"line":49,"column":3}},"loc":{"start":{"line":49,"column":32},"end":{"line":52,"column":3}},"line":49},"8":{"name":"(anonymous_8)","decl":{"start":{"line":54,"column":2},"end":{"line":54,"column":3}},"loc":{"start":{"line":54,"column":29},"end":{"line":60,"column":3}},"line":54},"9":{"name":"(anonymous_9)","decl":{"start":{"line":62,"column":2},"end":{"line":62,"column":3}},"loc":{"start":{"line":62,"column":35},"end":{"line":67,"column":3}},"line":62},"10":{"name":"(anonymous_10)","decl":{"start":{"line":71,"column":2},"end":{"line":71,"column":3}},"loc":{"start":{"line":71,"column":16},"end":{"line":74,"column":3}},"line":71},"11":{"name":"(anonymous_11)","decl":{"start":{"line":76,"column":2},"end":{"line":76,"column":3}},"loc":{"start":{"line":76,"column":34},"end":{"line":83,"column":3}},"line":76},"12":{"name":"(anonymous_12)","decl":{"start":{"line":85,"column":2},"end":{"line":85,"column":3}},"loc":{"start":{"line":85,"column":19},"end":{"line":92,"column":3}},"line":85},"13":{"name":"(anonymous_13)","decl":{"start":{"line":96,"column":2},"end":{"line":96,"column":3}},"loc":{"start":{"line":96,"column":35},"end":{"line":98,"column":3}},"line":96},"14":{"name":"(anonymous_14)","decl":{"start":{"line":100,"column":2},"end":{"line":100,"column":3}},"loc":{"start":{"line":100,"column":50},"end":{"line":123,"column":3}},"line":100}},"branchMap":{"0":{"loc":{"start":{"line":10,"column":4},"end":{"line":12,"column":5}},"type":"if","locations":[{"start":{"line":10,"column":4},"end":{"line":12,"column":5}},{"start":{},"end":{}}],"line":10},"1":{"loc":{"start":{"line":14,"column":23},"end":{"line":14,"column":53}},"type":"binary-expr","locations":[{"start":{"line":14,"column":23},"end":{"line":14,"column":48}},{"start":{"line":14,"column":52},"end":{"line":14,"column":53}}],"line":14},"2":{"loc":{"start":{"line":20,"column":4},"end":{"line":22,"column":5}},"type":"if","locations":[{"start":{"line":20,"column":4},"end":{"line":22,"column":5}},{"start":{},"end":{}}],"line":20},"3":{"loc":{"start":{"line":51,"column":11},"end":{"line":51,"column":39}},"type":"binary-expr","locations":[{"start":{"line":51,"column":11},"end":{"line":51,"column":18}},{"start":{"line":51,"column":22},"end":{"line":51,"column":39}}],"line":51},"4":{"loc":{"start":{"line":56,"column":4},"end":{"line":58,"column":5}},"type":"if","locations":[{"start":{"line":56,"column":4},"end":{"line":58,"column":5}},{"start":{},"end":{}}],"line":56},"5":{"loc":{"start":{"line":64,"column":4},"end":{"line":66,"column":5}},"type":"if","locations":[{"start":{"line":64,"column":4},"end":{"line":66,"column":5}},{"start":{},"end":{}}],"line":64},"6":{"loc":{"start":{"line":77,"column":4},"end":{"line":79,"column":5}},"type":"if","locations":[{"start":{"line":77,"column":4},"end":{"line":79,"column":5}},{"start":{},"end":{}}],"line":77},"7":{"loc":{"start":{"line":86,"column":4},"end":{"line":88,"column":5}},"type":"if","locations":[{"start":{"line":86,"column":4},"end":{"line":88,"column":5}},{"start":{},"end":{}}],"line":86},"8":{"loc":{"start":{"line":101,"column":4},"end":{"line":103,"column":5}},"type":"if","locations":[{"start":{"line":101,"column":4},"end":{"line":103,"column":5}},{"start":{},"end":{}}],"line":101}},"s":{"0":7,"1":7,"2":7,"3":8,"4":2,"5":6,"6":6,"7":6,"8":0,"9":0,"10":0,"11":2,"12":2,"13":4,"14":4,"15":2,"16":3,"17":4,"18":7,"19":5,"20":5,"21":2,"22":2,"23":0,"24":2,"25":1,"26":1,"27":1,"28":0,"29":0,"30":0,"31":0,"32":0,"33":0,"34":0,"35":0,"36":0,"37":0,"38":2,"39":2,"40":1,"41":1,"42":1,"43":1,"44":1,"45":1},"f":{"0":7,"1":8,"2":0,"3":2,"4":3,"5":4,"6":7,"7":5,"8":2,"9":1,"10":0,"11":0,"12":0,"13":2,"14":2},"b":{"0":[2,6],"1":[6,6],"2":[0,0],"3":[5,5],"4":[0,2],"5":[1,0],"6":[0,0],"7":[0,0],"8":[1,1]},"_coverageSchema":"1a1c01bbd47fc00a2c39e90264f33305004495a9","hash":"6f7b66c3eb0d13eaf9da5b747267758af1580b01"}
}
