TN:
SF:storefront.js
FN:3,(anonymous_0)
FN:9,(anonymous_1)
FN:19,(anonymous_2)
FN:26,(anonymous_3)
FN:35,(anonymous_4)
FN:41,(anonymous_5)
FN:45,(anonymous_6)
FN:49,(anonymous_7)
FN:54,(anonymous_8)
FN:62,(anonymous_9)
FN:71,(anonymous_10)
FN:76,(anonymous_11)
FN:85,(anonymous_12)
FN:96,(anonymous_13)
FN:100,(anonymous_14)
FNF:15
FNH:11
FNDA:7,(anonymous_0)
FNDA:8,(anonymous_1)
FNDA:0,(anonymous_2)
FNDA:2,(anonymous_3)
FNDA:3,(anonymous_4)
FNDA:4,(anonymous_5)
FNDA:7,(anonymous_6)
FNDA:5,(anonymous_7)
FNDA:2,(anonymous_8)
FNDA:1,(anonymous_9)
FNDA:0,(anonymous_10)
FNDA:0,(anonymous_11)
FNDA:0,(anonymous_12)
FNDA:2,(anonymous_13)
FNDA:2,(anonymous_14)
DA:4,7
DA:5,7
DA:6,7
DA:10,8
DA:11,2
DA:14,6
DA:15,6
DA:16,6
DA:20,0
DA:21,0
DA:23,0
DA:27,2
DA:28,2
DA:29,4
DA:30,4
DA:32,2
DA:36,3
DA:42,4
DA:46,7
DA:50,5
DA:51,5
DA:55,2
DA:56,2
DA:57,0
DA:59,2
DA:63,1
DA:64,1
DA:65,1
DA:72,0
DA:73,0
DA:77,0
DA:78,0
DA:81,0
DA:82,0
DA:86,0
DA:87,0
DA:90,0
DA:91,0
DA:97,2
DA:101,2
DA:102,1
DA:105,1
DA:108,1
DA:114,1
DA:118,1
DA:126,1
LF:46
LH:32
BRDA:10,0,0,2
BRDA:10,0,1,6
BRDA:14,1,0,6
BRDA:14,1,1,6
BRDA:20,2,0,0
BRDA:20,2,1,0
BRDA:51,3,0,5
BRDA:51,3,1,5
BRDA:56,4,0,0
BRDA:56,4,1,2
BRDA:64,5,0,1
BRDA:64,5,1,0
BRDA:77,6,0,0
BRDA:77,6,1,0
BRDA:86,7,0,0
BRDA:86,7,1,0
BRDA:101,8,0,1
BRDA:101,8,1,1
BRF:18
BRH:10
end_of_record
